0 info it worked if it ends with ok
1 verbose cli [ '/usr/bin/node', '/usr/bin/npm', 'install', 'canvas@1.3.12' ]
2 info using npm@2.15.9
3 info using node@v4.5.0
4 verbose install initial load of /var/www/vhosts/listentome/api/package.json
5 warn package.json api@ No description
6 warn package.json api@ No repository field.
7 warn package.json api@ No README data
8 warn package.json api@ No license field.
9 verbose installManyTop reading scoped package data from /var/www/vhosts/listentome/api/node_modules/abbrev/package.json
10 verbose installManyTop reading scoped package data from /var/www/vhosts/listentome/api/node_modules/accepts/package.json
11 verbose installManyTop reading scoped package data from /var/www/vhosts/listentome/api/node_modules/after/package.json
12 verbose installManyTop reading scoped package data from /var/www/vhosts/listentome/api/node_modules/ansi-regex/package.json
13 verbose installManyTop reading scoped package data from /var/www/vhosts/listentome/api/node_modules/ansi-styles/package.json
14 verbose installManyTop reading scoped package data from /var/www/vhosts/listentome/api/node_modules/anymatch/package.json
15 verbose installManyTop reading scoped package data from /var/www/vhosts/listentome/api/node_modules/arr-diff/package.json
16 verbose installManyTop reading scoped package data from /var/www/vhosts/listentome/api/node_modules/arr-flatten/package.json
17 verbose installManyTop reading scoped package data from /var/www/vhosts/listentome/api/node_modules/array-unique/package.json
18 verbose installManyTop reading scoped package data from /var/www/vhosts/listentome/api/node_modules/arraybuffer.slice/package.json
19 verbose installManyTop reading scoped package data from /var/www/vhosts/listentome/api/node_modules/arrify/package.json
20 verbose installManyTop reading scoped package data from /var/www/vhosts/listentome/api/node_modules/async/package.json
21 verbose installManyTop reading scoped package data from /var/www/vhosts/listentome/api/node_modules/async-each/package.json
22 verbose installManyTop reading scoped package data from /var/www/vhosts/listentome/api/node_modules/audiobuffer-to-wav/package.json
23 verbose installManyTop reading scoped package data from /var/www/vhosts/listentome/api/node_modules/backo2/package.json
24 verbose installManyTop reading scoped package data from /var/www/vhosts/listentome/api/node_modules/balanced-match/package.json
25 verbose installManyTop reading scoped package data from /var/www/vhosts/listentome/api/node_modules/base64-arraybuffer/package.json
26 verbose installManyTop reading scoped package data from /var/www/vhosts/listentome/api/node_modules/base64id/package.json
27 verbose installManyTop reading scoped package data from /var/www/vhosts/listentome/api/node_modules/benchmark/package.json
28 verbose installManyTop reading scoped package data from /var/www/vhosts/listentome/api/node_modules/better-assert/package.json
29 verbose installManyTop reading scoped package data from /var/www/vhosts/listentome/api/node_modules/bignumber.js/package.json
30 verbose installManyTop reading scoped package data from /var/www/vhosts/listentome/api/node_modules/binary-extensions/package.json
31 verbose installManyTop reading scoped package data from /var/www/vhosts/listentome/api/node_modules/binaryjs/package.json
32 verbose installManyTop reading scoped package data from /var/www/vhosts/listentome/api/node_modules/binarypack/package.json
33 verbose installManyTop reading scoped package data from /var/www/vhosts/listentome/api/node_modules/bindings/package.json
34 verbose installManyTop reading scoped package data from /var/www/vhosts/listentome/api/node_modules/blob/package.json
35 verbose installManyTop reading scoped package data from /var/www/vhosts/listentome/api/node_modules/bluebird/package.json
36 verbose installManyTop reading scoped package data from /var/www/vhosts/listentome/api/node_modules/body-parser/package.json
37 verbose installManyTop reading scoped package data from /var/www/vhosts/listentome/api/node_modules/brace-expansion/package.json
38 verbose installManyTop reading scoped package data from /var/www/vhosts/listentome/api/node_modules/braces/package.json
39 verbose installManyTop reading scoped package data from /var/www/vhosts/listentome/api/node_modules/browserify/package.json
40 verbose installManyTop reading scoped package data from /var/www/vhosts/listentome/api/node_modules/buffer-crc32/package.json
41 verbose installManyTop reading scoped package data from /var/www/vhosts/listentome/api/node_modules/buffer-shims/package.json
42 verbose installManyTop reading scoped package data from /var/www/vhosts/listentome/api/node_modules/buffercursor/package.json
43 verbose installManyTop reading scoped package data from /var/www/vhosts/listentome/api/node_modules/bytes/package.json
44 verbose installManyTop reading scoped package data from /var/www/vhosts/listentome/api/node_modules/callsite/package.json
45 verbose installManyTop reading scoped package data from /var/www/vhosts/listentome/api/node_modules/chalk/package.json
46 verbose installManyTop reading scoped package data from /var/www/vhosts/listentome/api/node_modules/chokidar/package.json
47 verbose installManyTop reading scoped package data from /var/www/vhosts/listentome/api/node_modules/circular-json/package.json
48 verbose installManyTop reading scoped package data from /var/www/vhosts/listentome/api/node_modules/commander/package.json
49 verbose installManyTop reading scoped package data from /var/www/vhosts/listentome/api/node_modules/component-bind/package.json
50 verbose installManyTop reading scoped package data from /var/www/vhosts/listentome/api/node_modules/component-emitter/package.json
51 verbose installManyTop reading scoped package data from /var/www/vhosts/listentome/api/node_modules/component-inherit/package.json
52 verbose installManyTop reading scoped package data from /var/www/vhosts/listentome/api/node_modules/concat-map/package.json
53 verbose installManyTop reading scoped package data from /var/www/vhosts/listentome/api/node_modules/configstore/package.json
54 verbose installManyTop reading scoped package data from /var/www/vhosts/listentome/api/node_modules/cookie/package.json
55 verbose installManyTop reading scoped package data from /var/www/vhosts/listentome/api/node_modules/cookie-signature/package.json
56 verbose installManyTop reading scoped package data from /var/www/vhosts/listentome/api/node_modules/core-util-is/package.json
57 verbose installManyTop reading scoped package data from /var/www/vhosts/listentome/api/node_modules/crypto/package.json
58 verbose installManyTop reading scoped package data from /var/www/vhosts/listentome/api/node_modules/debug/package.json
59 verbose installManyTop reading scoped package data from /var/www/vhosts/listentome/api/node_modules/deep-extend/package.json
60 verbose installManyTop reading scoped package data from /var/www/vhosts/listentome/api/node_modules/dottie/package.json
61 verbose installManyTop reading scoped package data from /var/www/vhosts/listentome/api/node_modules/duplexer/package.json
62 verbose installManyTop reading scoped package data from /var/www/vhosts/listentome/api/node_modules/duplexify/package.json
63 verbose installManyTop reading scoped package data from /var/www/vhosts/listentome/api/node_modules/end-of-stream/package.json
64 verbose installManyTop reading scoped package data from /var/www/vhosts/listentome/api/node_modules/engine.io/package.json
65 verbose installManyTop reading scoped package data from /var/www/vhosts/listentome/api/node_modules/engine.io-client/package.json
66 verbose installManyTop reading scoped package data from /var/www/vhosts/listentome/api/node_modules/engine.io-parser/package.json
67 verbose installManyTop reading scoped package data from /var/www/vhosts/listentome/api/node_modules/es6-promise/package.json
68 verbose installManyTop reading scoped package data from /var/www/vhosts/listentome/api/node_modules/escape-html/package.json
69 verbose installManyTop reading scoped package data from /var/www/vhosts/listentome/api/node_modules/escape-string-regexp/package.json
70 verbose installManyTop reading scoped package data from /var/www/vhosts/listentome/api/node_modules/event-stream/package.json
71 verbose installManyTop reading scoped package data from /var/www/vhosts/listentome/api/node_modules/expand-brackets/package.json
72 verbose installManyTop reading scoped package data from /var/www/vhosts/listentome/api/node_modules/expand-range/package.json
73 verbose installManyTop reading scoped package data from /var/www/vhosts/listentome/api/node_modules/express/package.json
74 verbose installManyTop reading scoped package data from /var/www/vhosts/listentome/api/node_modules/extglob/package.json
75 verbose installManyTop reading scoped package data from /var/www/vhosts/listentome/api/node_modules/extsprintf/package.json
76 verbose installManyTop reading scoped package data from /var/www/vhosts/listentome/api/node_modules/eyes/package.json
77 verbose installManyTop reading scoped package data from /var/www/vhosts/listentome/api/node_modules/filename-regex/package.json
78 verbose installManyTop reading scoped package data from /var/www/vhosts/listentome/api/node_modules/fill-range/package.json
79 verbose installManyTop reading scoped package data from /var/www/vhosts/listentome/api/node_modules/for-in/package.json
80 verbose installManyTop reading scoped package data from /var/www/vhosts/listentome/api/node_modules/for-own/package.json
81 verbose installManyTop reading scoped package data from /var/www/vhosts/listentome/api/node_modules/fresh/package.json
82 verbose installManyTop reading scoped package data from /var/www/vhosts/listentome/api/node_modules/from/package.json
83 verbose installManyTop reading scoped package data from /var/www/vhosts/listentome/api/node_modules/generic-pool/package.json
84 verbose installManyTop reading scoped package data from /var/www/vhosts/listentome/api/node_modules/glob-base/package.json
85 verbose installManyTop reading scoped package data from /var/www/vhosts/listentome/api/node_modules/glob-parent/package.json
86 verbose installManyTop reading scoped package data from /var/www/vhosts/listentome/api/node_modules/got/package.json
87 verbose installManyTop reading scoped package data from /var/www/vhosts/listentome/api/node_modules/graceful-fs/package.json
88 verbose installManyTop reading scoped package data from /var/www/vhosts/listentome/api/node_modules/growing-file/package.json
89 verbose installManyTop reading scoped package data from /var/www/vhosts/listentome/api/node_modules/has-ansi/package.json
90 verbose installManyTop reading scoped package data from /var/www/vhosts/listentome/api/node_modules/has-binary/package.json
91 verbose installManyTop reading scoped package data from /var/www/vhosts/listentome/api/node_modules/has-cors/package.json
92 verbose installManyTop reading scoped package data from /var/www/vhosts/listentome/api/node_modules/ignore-by-default/package.json
93 verbose installManyTop reading scoped package data from /var/www/vhosts/listentome/api/node_modules/imagemagick/package.json
94 verbose installManyTop reading scoped package data from /var/www/vhosts/listentome/api/node_modules/imurmurhash/package.json
95 verbose installManyTop reading scoped package data from /var/www/vhosts/listentome/api/node_modules/indexof/package.json
96 verbose installManyTop reading scoped package data from /var/www/vhosts/listentome/api/node_modules/infinity-agent/package.json
97 verbose installManyTop reading scoped package data from /var/www/vhosts/listentome/api/node_modules/inherits/package.json
98 verbose installManyTop reading scoped package data from /var/www/vhosts/listentome/api/node_modules/ini/package.json
99 verbose installManyTop reading scoped package data from /var/www/vhosts/listentome/api/node_modules/ip/package.json
100 verbose installManyTop reading scoped package data from /var/www/vhosts/listentome/api/node_modules/is-binary-path/package.json
101 verbose installManyTop reading scoped package data from /var/www/vhosts/listentome/api/node_modules/is-buffer/package.json
102 verbose installManyTop reading scoped package data from /var/www/vhosts/listentome/api/node_modules/is-dotfile/package.json
103 verbose installManyTop reading scoped package data from /var/www/vhosts/listentome/api/node_modules/is-equal-shallow/package.json
104 verbose installManyTop reading scoped package data from /var/www/vhosts/listentome/api/node_modules/is-extendable/package.json
105 verbose installManyTop reading scoped package data from /var/www/vhosts/listentome/api/node_modules/is-extglob/package.json
106 verbose installManyTop reading scoped package data from /var/www/vhosts/listentome/api/node_modules/is-finite/package.json
107 verbose installManyTop reading scoped package data from /var/www/vhosts/listentome/api/node_modules/is-glob/package.json
108 verbose installManyTop reading scoped package data from /var/www/vhosts/listentome/api/node_modules/is-npm/package.json
109 verbose installManyTop reading scoped package data from /var/www/vhosts/listentome/api/node_modules/is-number/package.json
110 verbose installManyTop reading scoped package data from /var/www/vhosts/listentome/api/node_modules/is-posix-bracket/package.json
111 verbose installManyTop reading scoped package data from /var/www/vhosts/listentome/api/node_modules/is-primitive/package.json
112 verbose installManyTop reading scoped package data from /var/www/vhosts/listentome/api/node_modules/is-redirect/package.json
113 verbose installManyTop reading scoped package data from /var/www/vhosts/listentome/api/node_modules/is-stream/package.json
114 verbose installManyTop reading scoped package data from /var/www/vhosts/listentome/api/node_modules/isarray/package.json
115 verbose installManyTop reading scoped package data from /var/www/vhosts/listentome/api/node_modules/isobject/package.json
116 verbose installManyTop reading scoped package data from /var/www/vhosts/listentome/api/node_modules/json3/package.json
117 verbose installManyTop reading scoped package data from /var/www/vhosts/listentome/api/node_modules/kind-of/package.json
118 verbose installManyTop reading scoped package data from /var/www/vhosts/listentome/api/node_modules/lame/package.json
119 verbose installManyTop reading scoped package data from /var/www/vhosts/listentome/api/node_modules/latest-version/package.json
120 verbose installManyTop reading scoped package data from /var/www/vhosts/listentome/api/node_modules/lingo/package.json
121 verbose installManyTop reading scoped package data from /var/www/vhosts/listentome/api/node_modules/lodash/package.json
122 verbose installManyTop reading scoped package data from /var/www/vhosts/listentome/api/node_modules/lodash._baseassign/package.json
123 verbose installManyTop reading scoped package data from /var/www/vhosts/listentome/api/node_modules/lodash._basecopy/package.json
124 verbose installManyTop reading scoped package data from /var/www/vhosts/listentome/api/node_modules/lodash._bindcallback/package.json
125 verbose installManyTop reading scoped package data from /var/www/vhosts/listentome/api/node_modules/lodash._createassigner/package.json
126 verbose installManyTop reading scoped package data from /var/www/vhosts/listentome/api/node_modules/lodash._getnative/package.json
127 verbose installManyTop reading scoped package data from /var/www/vhosts/listentome/api/node_modules/lodash._isiterateecall/package.json
128 verbose installManyTop reading scoped package data from /var/www/vhosts/listentome/api/node_modules/lodash.assign/package.json
129 verbose installManyTop reading scoped package data from /var/www/vhosts/listentome/api/node_modules/lodash.defaults/package.json
130 verbose installManyTop reading scoped package data from /var/www/vhosts/listentome/api/node_modules/lodash.isarguments/package.json
131 verbose installManyTop reading scoped package data from /var/www/vhosts/listentome/api/node_modules/lodash.isarray/package.json
132 verbose installManyTop reading scoped package data from /var/www/vhosts/listentome/api/node_modules/lodash.keys/package.json
133 verbose installManyTop reading scoped package data from /var/www/vhosts/listentome/api/node_modules/lodash.restparam/package.json
134 verbose installManyTop reading scoped package data from /var/www/vhosts/listentome/api/node_modules/lowercase-keys/package.json
135 verbose installManyTop reading scoped package data from /var/www/vhosts/listentome/api/node_modules/map-stream/package.json
136 verbose installManyTop reading scoped package data from /var/www/vhosts/listentome/api/node_modules/merge-descriptors/package.json
137 verbose installManyTop reading scoped package data from /var/www/vhosts/listentome/api/node_modules/methods/package.json
138 verbose installManyTop reading scoped package data from /var/www/vhosts/listentome/api/node_modules/micromatch/package.json
139 verbose installManyTop reading scoped package data from /var/www/vhosts/listentome/api/node_modules/mime/package.json
140 verbose installManyTop reading scoped package data from /var/www/vhosts/listentome/api/node_modules/mime-db/package.json
141 verbose installManyTop reading scoped package data from /var/www/vhosts/listentome/api/node_modules/mime-types/package.json
142 verbose installManyTop reading scoped package data from /var/www/vhosts/listentome/api/node_modules/minimatch/package.json
143 verbose installManyTop reading scoped package data from /var/www/vhosts/listentome/api/node_modules/minimist/package.json
144 verbose installManyTop reading scoped package data from /var/www/vhosts/listentome/api/node_modules/mkdirp/package.json
145 verbose installManyTop reading scoped package data from /var/www/vhosts/listentome/api/node_modules/moment/package.json
146 verbose installManyTop reading scoped package data from /var/www/vhosts/listentome/api/node_modules/ms/package.json
147 verbose installManyTop reading scoped package data from /var/www/vhosts/listentome/api/node_modules/mysql/package.json
148 verbose installManyTop reading scoped package data from /var/www/vhosts/listentome/api/node_modules/nan/package.json
149 verbose installManyTop reading scoped package data from /var/www/vhosts/listentome/api/node_modules/negotiator/package.json
150 verbose installManyTop reading scoped package data from /var/www/vhosts/listentome/api/node_modules/nested-error-stacks/package.json
151 verbose installManyTop reading scoped package data from /var/www/vhosts/listentome/api/node_modules/node-thumbnail/package.json
152 verbose installManyTop reading scoped package data from /var/www/vhosts/listentome/api/node_modules/node-uuid/package.json
153 verbose installManyTop reading scoped package data from /var/www/vhosts/listentome/api/node_modules/node-wav/package.json
154 verbose installManyTop reading scoped package data from /var/www/vhosts/listentome/api/node_modules/nodemailer/package.json
155 verbose installManyTop reading scoped package data from /var/www/vhosts/listentome/api/node_modules/nodemon/package.json
156 verbose installManyTop reading scoped package data from /var/www/vhosts/listentome/api/node_modules/nopt/package.json
157 verbose installManyTop reading scoped package data from /var/www/vhosts/listentome/api/node_modules/normalize-path/package.json
158 verbose installManyTop reading scoped package data from /var/www/vhosts/listentome/api/node_modules/number-is-nan/package.json
159 verbose installManyTop reading scoped package data from /var/www/vhosts/listentome/api/node_modules/nvm/package.json
160 verbose installManyTop reading scoped package data from /var/www/vhosts/listentome/api/node_modules/object-assign/package.json
161 verbose installManyTop reading scoped package data from /var/www/vhosts/listentome/api/node_modules/object-component/package.json
162 verbose installManyTop reading scoped package data from /var/www/vhosts/listentome/api/node_modules/object.omit/package.json
163 verbose installManyTop reading scoped package data from /var/www/vhosts/listentome/api/node_modules/ogg/package.json
164 verbose installManyTop reading scoped package data from /var/www/vhosts/listentome/api/node_modules/once/package.json
165 verbose installManyTop reading scoped package data from /var/www/vhosts/listentome/api/node_modules/options/package.json
166 verbose installManyTop reading scoped package data from /var/www/vhosts/listentome/api/node_modules/os-homedir/package.json
167 verbose installManyTop reading scoped package data from /var/www/vhosts/listentome/api/node_modules/os-tmpdir/package.json
168 verbose installManyTop reading scoped package data from /var/www/vhosts/listentome/api/node_modules/osenv/package.json
169 verbose installManyTop reading scoped package data from /var/www/vhosts/listentome/api/node_modules/package-json/package.json
170 verbose installManyTop reading scoped package data from /var/www/vhosts/listentome/api/node_modules/parse-glob/package.json
171 verbose installManyTop reading scoped package data from /var/www/vhosts/listentome/api/node_modules/parsejson/package.json
172 verbose installManyTop reading scoped package data from /var/www/vhosts/listentome/api/node_modules/parseqs/package.json
173 verbose installManyTop reading scoped package data from /var/www/vhosts/listentome/api/node_modules/parseuri/package.json
174 verbose installManyTop reading scoped package data from /var/www/vhosts/listentome/api/node_modules/parseurl/package.json
175 verbose installManyTop reading scoped package data from /var/www/vhosts/listentome/api/node_modules/path-is-absolute/package.json
176 verbose installManyTop reading scoped package data from /var/www/vhosts/listentome/api/node_modules/path-to-regexp/package.json
177 verbose installManyTop reading scoped package data from /var/www/vhosts/listentome/api/node_modules/pause-stream/package.json
178 verbose installManyTop reading scoped package data from /var/www/vhosts/listentome/api/node_modules/pied-piper/package.json
179 verbose installManyTop reading scoped package data from /var/www/vhosts/listentome/api/node_modules/pinkie/package.json
180 verbose installManyTop reading scoped package data from /var/www/vhosts/listentome/api/node_modules/pinkie-promise/package.json
181 verbose installManyTop reading scoped package data from /var/www/vhosts/listentome/api/node_modules/pm2/package.json
182 verbose installManyTop reading scoped package data from /var/www/vhosts/listentome/api/node_modules/prepend-http/package.json
183 verbose installManyTop reading scoped package data from /var/www/vhosts/listentome/api/node_modules/preserve/package.json
184 verbose installManyTop reading scoped package data from /var/www/vhosts/listentome/api/node_modules/process-nextick-args/package.json
185 verbose installManyTop reading scoped package data from /var/www/vhosts/listentome/api/node_modules/ps-tree/package.json
186 verbose installManyTop reading scoped package data from /var/www/vhosts/listentome/api/node_modules/qs/package.json
187 verbose installManyTop reading scoped package data from /var/www/vhosts/listentome/api/node_modules/randomatic/package.json
188 verbose installManyTop reading scoped package data from /var/www/vhosts/listentome/api/node_modules/range-parser/package.json
189 verbose installManyTop reading scoped package data from /var/www/vhosts/listentome/api/node_modules/raw-body/package.json
190 verbose installManyTop reading scoped package data from /var/www/vhosts/listentome/api/node_modules/rc/package.json
191 verbose installManyTop reading scoped package data from /var/www/vhosts/listentome/api/node_modules/read-all-stream/package.json
192 verbose installManyTop reading scoped package data from /var/www/vhosts/listentome/api/node_modules/readable-stream/package.json
193 verbose installManyTop reading scoped package data from /var/www/vhosts/listentome/api/node_modules/readdirp/package.json
194 verbose installManyTop reading scoped package data from /var/www/vhosts/listentome/api/node_modules/regex-cache/package.json
195 verbose installManyTop reading scoped package data from /var/www/vhosts/listentome/api/node_modules/registry-url/package.json
196 verbose installManyTop reading scoped package data from /var/www/vhosts/listentome/api/node_modules/repeat-element/package.json
197 verbose installManyTop reading scoped package data from /var/www/vhosts/listentome/api/node_modules/repeat-string/package.json
198 verbose installManyTop reading scoped package data from /var/www/vhosts/listentome/api/node_modules/repeating/package.json
199 verbose installManyTop reading scoped package data from /var/www/vhosts/listentome/api/node_modules/require-all/package.json
200 verbose installManyTop reading scoped package data from /var/www/vhosts/listentome/api/node_modules/sanitize-filename/package.json
201 verbose installManyTop reading scoped package data from /var/www/vhosts/listentome/api/node_modules/semver/package.json
202 verbose installManyTop reading scoped package data from /var/www/vhosts/listentome/api/node_modules/semver-diff/package.json
203 verbose installManyTop reading scoped package data from /var/www/vhosts/listentome/api/node_modules/send/package.json
204 verbose installManyTop reading scoped package data from /var/www/vhosts/listentome/api/node_modules/sequelize/package.json
205 verbose installManyTop reading scoped package data from /var/www/vhosts/listentome/api/node_modules/serve-static/package.json
206 verbose installManyTop reading scoped package data from /var/www/vhosts/listentome/api/node_modules/set-immediate-shim/package.json
207 verbose installManyTop reading scoped package data from /var/www/vhosts/listentome/api/node_modules/sliced/package.json
208 verbose installManyTop reading scoped package data from /var/www/vhosts/listentome/api/node_modules/slide/package.json
209 verbose installManyTop reading scoped package data from /var/www/vhosts/listentome/api/node_modules/socket.io/package.json
210 verbose installManyTop reading scoped package data from /var/www/vhosts/listentome/api/node_modules/socket.io-adapter/package.json
211 verbose installManyTop reading scoped package data from /var/www/vhosts/listentome/api/node_modules/socket.io-client/package.json
212 verbose installManyTop reading scoped package data from /var/www/vhosts/listentome/api/node_modules/socket.io-parser/package.json
213 verbose installManyTop reading scoped package data from /var/www/vhosts/listentome/api/node_modules/socket.io-stream/package.json
214 verbose installManyTop reading scoped package data from /var/www/vhosts/listentome/api/node_modules/socketio/package.json
215 verbose installManyTop reading scoped package data from /var/www/vhosts/listentome/api/node_modules/socketio-file-upload/package.json
216 verbose installManyTop reading scoped package data from /var/www/vhosts/listentome/api/node_modules/sox/package.json
217 verbose installManyTop reading scoped package data from /var/www/vhosts/listentome/api/node_modules/sox-audio/package.json
218 verbose installManyTop reading scoped package data from /var/www/vhosts/listentome/api/node_modules/sox-stream/package.json
219 verbose installManyTop reading scoped package data from /var/www/vhosts/listentome/api/node_modules/split/package.json
220 verbose installManyTop reading scoped package data from /var/www/vhosts/listentome/api/node_modules/sql/package.json
221 verbose installManyTop reading scoped package data from /var/www/vhosts/listentome/api/node_modules/stream-combiner/package.json
222 verbose installManyTop reading scoped package data from /var/www/vhosts/listentome/api/node_modules/stream-parser/package.json
223 verbose installManyTop reading scoped package data from /var/www/vhosts/listentome/api/node_modules/stream-shift/package.json
224 verbose installManyTop reading scoped package data from /var/www/vhosts/listentome/api/node_modules/stream-transcoder/package.json
225 verbose installManyTop reading scoped package data from /var/www/vhosts/listentome/api/node_modules/streamers/package.json
226 verbose installManyTop reading scoped package data from /var/www/vhosts/listentome/api/node_modules/streamws/package.json
227 verbose installManyTop reading scoped package data from /var/www/vhosts/listentome/api/node_modules/string-length/package.json
228 verbose installManyTop reading scoped package data from /var/www/vhosts/listentome/api/node_modules/string_decoder/package.json
229 verbose installManyTop reading scoped package data from /var/www/vhosts/listentome/api/node_modules/strip-ansi/package.json
230 verbose installManyTop reading scoped package data from /var/www/vhosts/listentome/api/node_modules/strip-json-comments/package.json
231 verbose installManyTop reading scoped package data from /var/www/vhosts/listentome/api/node_modules/supports-color/package.json
232 verbose installManyTop reading scoped package data from /var/www/vhosts/listentome/api/node_modules/tailing-stream/package.json
233 verbose installManyTop reading scoped package data from /var/www/vhosts/listentome/api/node_modules/through/package.json
234 verbose installManyTop reading scoped package data from /var/www/vhosts/listentome/api/node_modules/timed-out/package.json
235 verbose installManyTop reading scoped package data from /var/www/vhosts/listentome/api/node_modules/tinycolor/package.json
236 verbose installManyTop reading scoped package data from /var/www/vhosts/listentome/api/node_modules/to-array/package.json
237 verbose installManyTop reading scoped package data from /var/www/vhosts/listentome/api/node_modules/toposort-class/package.json
238 verbose installManyTop reading scoped package data from /var/www/vhosts/listentome/api/node_modules/touch/package.json
239 verbose installManyTop reading scoped package data from /var/www/vhosts/listentome/api/node_modules/type-is/package.json
240 verbose installManyTop reading scoped package data from /var/www/vhosts/listentome/api/node_modules/ultron/package.json
241 verbose installManyTop reading scoped package data from /var/www/vhosts/listentome/api/node_modules/undefsafe/package.json
242 verbose installManyTop reading scoped package data from /var/www/vhosts/listentome/api/node_modules/underscore/package.json
243 verbose installManyTop reading scoped package data from /var/www/vhosts/listentome/api/node_modules/underscore.string/package.json
244 verbose installManyTop reading scoped package data from /var/www/vhosts/listentome/api/node_modules/update-notifier/package.json
245 verbose installManyTop reading scoped package data from /var/www/vhosts/listentome/api/node_modules/utf8/package.json
246 verbose installManyTop reading scoped package data from /var/www/vhosts/listentome/api/node_modules/util-deprecate/package.json
247 verbose installManyTop reading scoped package data from /var/www/vhosts/listentome/api/node_modules/utils-merge/package.json
248 verbose installManyTop reading scoped package data from /var/www/vhosts/listentome/api/node_modules/uuid/package.json
249 verbose installManyTop reading scoped package data from /var/www/vhosts/listentome/api/node_modules/validator/package.json
250 verbose installManyTop reading scoped package data from /var/www/vhosts/listentome/api/node_modules/verror/package.json
251 verbose installManyTop reading scoped package data from /var/www/vhosts/listentome/api/node_modules/vorbis/package.json
252 verbose installManyTop reading scoped package data from /var/www/vhosts/listentome/api/node_modules/vows/package.json
253 verbose installManyTop reading scoped package data from /var/www/vhosts/listentome/api/node_modules/wav/package.json
254 verbose installManyTop reading scoped package data from /var/www/vhosts/listentome/api/node_modules/wav-arraybuffer/package.json
255 verbose installManyTop reading scoped package data from /var/www/vhosts/listentome/api/node_modules/waveheader/package.json
256 verbose installManyTop reading scoped package data from /var/www/vhosts/listentome/api/node_modules/websocketserver/package.json
257 verbose installManyTop reading scoped package data from /var/www/vhosts/listentome/api/node_modules/wrappy/package.json
258 verbose installManyTop reading scoped package data from /var/www/vhosts/listentome/api/node_modules/write-file-atomic/package.json
259 verbose installManyTop reading scoped package data from /var/www/vhosts/listentome/api/node_modules/wru/package.json
260 verbose installManyTop reading scoped package data from /var/www/vhosts/listentome/api/node_modules/ws/package.json
261 verbose installManyTop reading scoped package data from /var/www/vhosts/listentome/api/node_modules/xdg-basedir/package.json
262 verbose installManyTop reading scoped package data from /var/www/vhosts/listentome/api/node_modules/xmlhttprequest-ssl/package.json
263 verbose installManyTop reading scoped package data from /var/www/vhosts/listentome/api/node_modules/yeast/package.json
264 info package.json after@0.8.1 No license field.
265 info package.json arr-flatten@1.0.1 license should be a valid SPDX license expression
266 info package.json array-unique@0.2.1 license should be a valid SPDX license expression
267 info package.json arraybuffer.slice@0.0.6 No license field.
268 info package.json base64-arraybuffer@0.1.2 No license field.
269 info package.json base64id@0.1.0 No license field.
270 info package.json benchmark@1.0.0 No license field.
271 info package.json better-assert@1.0.2 No license field.
272 info package.json binaryjs@0.2.1 No license field.
273 info package.json binarypack@0.0.4 No license field.
274 info package.json blob@0.0.4 No license field.
275 info package.json buffer-crc32@0.2.1 No license field.
276 info package.json buffercursor@0.0.12 No license field.
277 info package.json bytes@1.0.0 No license field.
278 info package.json callsite@1.0.0 No repository field.
279 info package.json callsite@1.0.0 No license field.
280 info package.json circular-json@0.1.6 No license field.
281 info package.json commander@2.1.0 No license field.
282 info package.json component-bind@1.0.0 No license field.
283 info package.json component-emitter@1.1.2 No license field.
284 info package.json component-inherit@0.0.3 No license field.
285 info package.json cookie@0.1.0 No license field.
286 info package.json cookie-signature@1.0.3 No license field.
287 info package.json crypto@0.0.3 crypto is also the name of a node core module.
288 info package.json crypto@0.0.3 No license field.
289 info package.json debug@0.8.1 No license field.
290 info package.json dottie@0.1.0 No license field.
291 info package.json duplexer@0.1.1 No license field.
292 info package.json engine.io-parser@1.2.4 No license field.
293 info package.json escape-html@1.0.1 No license field.
294 info package.json eyes@0.1.8 No repository field.
295 info package.json eyes@0.1.8 No license field.
296 info package.json filename-regex@2.0.0 license should be a valid SPDX license expression
297 info package.json fresh@0.2.2 No license field.
298 info package.json generic-pool@2.0.4 No license field.
299 info package.json glob-base@0.3.0 license should be a valid SPDX license expression
300 info package.json has-binary@0.1.7 No repository field.
301 info package.json indexof@0.0.1 No repository field.
302 info package.json indexof@0.0.1 No license field.
303 info package.json is-primitive@2.0.0 license should be a valid SPDX license expression
304 info package.json json3@3.2.6 No license field.
305 info package.json lingo@0.0.5 No repository field.
306 info package.json lingo@0.0.5 No license field.
307 info package.json map-stream@0.1.0 No license field.
308 info package.json mime@1.2.11 No license field.
309 info package.json moment@2.5.1 No license field.
310 info package.json ms@0.7.1 No license field.
311 info package.json node-thumbnail@0.6.6 No license field.
312 info package.json node-uuid@1.4.7 No license field.
313 info package.json nopt@1.0.10 license should be a valid SPDX license expression
314 info package.json nvm@0.0.3 license should be a valid SPDX license expression
315 info package.json object-component@0.0.3 No repository field.
316 info package.json object-component@0.0.3 No license field.
317 info package.json options@0.0.6 No license field.
318 info package.json parsejson@0.0.1 No repository field.
319 info package.json parseqs@0.0.2 No repository field.
320 info package.json path-to-regexp@0.1.2 No license field.
321 info package.json pause-stream@0.0.11 license should be a valid SPDX license expression
322 info package.json preserve@0.2.0 license should be a valid SPDX license expression
323 info package.json qs@0.6.6 No license field.
324 info package.json range-parser@1.0.0 No license field.
325 info package.json repeat-element@1.1.2 license should be a valid SPDX license expression
326 info package.json require-all@1.0.0 No license field.
327 info package.json send@0.2.0 No license field.
328 info package.json socket.io-stream@0.9.0 No license field.
329 info package.json socketio@1.0.0 No repository field.
330 info package.json socketio@1.0.0 No README data
331 info package.json sox@0.1.0 license should be a valid SPDX license expression
332 info package.json sql@0.35.0 No license field.
333 info package.json streamers@0.1.1 No license field.
334 info package.json streamws@0.1.1 No license field.
335 info package.json string_decoder@0.10.31 string_decoder is also the name of a node core module.
336 info package.json tinycolor@0.0.1 No license field.
337 info package.json to-array@0.1.4 No license field.
338 info package.json undefsafe@0.0.3 license should be a valid SPDX license expression
339 info package.json underscore.string@2.3.3 No license field.
340 info package.json utils-merge@1.0.0 No license field.
341 info package.json validator@3.2.1 No license field.
342 info package.json vows@0.6.1 No repository field.
343 info package.json vows@0.6.1 No license field.
344 info package.json waveheader@0.0.2 No license field.
345 info package.json websocketserver@1.0.0 No license field.
346 info package.json wru@0.2.7 No license field.
347 info package.json xmlhttprequest-ssl@1.5.1 No license field.
348 info package.json growing-file@0.1.3 No license field.
349 info package.json imagemagick@0.1.3 No license field.
350 info package.json sox-stream@1.0.4 license should be a valid SPDX license expression
351 info package.json stream-transcoder@0.0.5 license should be a valid SPDX license expression
352 info package.json tailing-stream@0.2.0 No license field.
353 info package.json vorbis@0.2.1 No license field.
354 verbose readDependencies loading dependencies from /var/www/vhosts/listentome/api/package.json
355 silly cache add args [ 'canvas@1.3.12', null ]
356 verbose cache add spec canvas@1.3.12
357 silly cache add parsed spec Result {
357 silly cache add   raw: 'canvas@1.3.12',
357 silly cache add   scope: null,
357 silly cache add   name: 'canvas',
357 silly cache add   rawSpec: '1.3.12',
357 silly cache add   spec: '1.3.12',
357 silly cache add   type: 'version' }
358 silly addNamed canvas@1.3.12
359 verbose addNamed "1.3.12" is a plain semver version for canvas
360 silly mapToRegistry name canvas
361 silly mapToRegistry using default registry
362 silly mapToRegistry registry https://registry.npmjs.org/
363 silly mapToRegistry data Result {
363 silly mapToRegistry   raw: 'canvas',
363 silly mapToRegistry   scope: null,
363 silly mapToRegistry   name: 'canvas',
363 silly mapToRegistry   rawSpec: '',
363 silly mapToRegistry   spec: 'latest',
363 silly mapToRegistry   type: 'tag' }
364 silly mapToRegistry uri https://registry.npmjs.org/canvas
365 verbose addNameVersion registry:https://registry.npmjs.org/canvas not in flight; fetching
366 verbose request uri https://registry.npmjs.org/canvas
367 verbose request no auth needed
368 info attempt registry request try #1 at 9:20:39 PM
369 verbose request id fbf019ff55fe899d
370 verbose etag "4I2P0TKVC9SQJT1YY5MXH0Z5X"
371 http request GET https://registry.npmjs.org/canvas
372 http 304 https://registry.npmjs.org/canvas
373 verbose headers { date: 'Fri, 07 Oct 2016 20:20:39 GMT',
373 verbose headers   via: '1.1 varnish',
373 verbose headers   'cache-control': 'max-age=300',
373 verbose headers   etag: '"4I2P0TKVC9SQJT1YY5MXH0Z5X"',
373 verbose headers   age: '0',
373 verbose headers   connection: 'keep-alive',
373 verbose headers   'x-served-by': 'cache-lhr6342-LHR',
373 verbose headers   'x-cache': 'HIT',
373 verbose headers   'x-cache-hits': '1',
373 verbose headers   'x-timer': 'S1475871639.108528,VS0,VE670',
373 verbose headers   vary: 'Accept-Encoding' }
374 silly get cb [ 304,
374 silly get   { date: 'Fri, 07 Oct 2016 20:20:39 GMT',
374 silly get     via: '1.1 varnish',
374 silly get     'cache-control': 'max-age=300',
374 silly get     etag: '"4I2P0TKVC9SQJT1YY5MXH0Z5X"',
374 silly get     age: '0',
374 silly get     connection: 'keep-alive',
374 silly get     'x-served-by': 'cache-lhr6342-LHR',
374 silly get     'x-cache': 'HIT',
374 silly get     'x-cache-hits': '1',
374 silly get     'x-timer': 'S1475871639.108528,VS0,VE670',
374 silly get     vary: 'Accept-Encoding' } ]
375 verbose etag https://registry.npmjs.org/canvas from cache
376 verbose get saving canvas to /root/.npm/registry.npmjs.org/canvas/.cache.json
377 verbose correctMkdir /root/.npm correctMkdir not in flight; initializing
378 silly mapToRegistry name canvas
379 silly mapToRegistry using default registry
380 silly mapToRegistry registry https://registry.npmjs.org/
381 silly mapToRegistry data Result {
381 silly mapToRegistry   raw: 'canvas',
381 silly mapToRegistry   scope: null,
381 silly mapToRegistry   name: 'canvas',
381 silly mapToRegistry   rawSpec: '',
381 silly mapToRegistry   spec: 'latest',
381 silly mapToRegistry   type: 'tag' }
382 silly mapToRegistry uri https://registry.npmjs.org/canvas
383 verbose addRemoteTarball https://registry.npmjs.org/canvas/-/canvas-1.3.12.tgz not in flight; adding
384 verbose addRemoteTarball [ 'https://registry.npmjs.org/canvas/-/canvas-1.3.12.tgz',
384 verbose addRemoteTarball   '0e6d7b78d6c9730cf1129d1138b28d6d52667e93' ]
385 info retry fetch attempt 1 at 9:20:39 PM
386 info attempt registry request try #1 at 9:20:39 PM
387 http fetch GET https://registry.npmjs.org/canvas/-/canvas-1.3.12.tgz
388 http fetch 200 https://registry.npmjs.org/canvas/-/canvas-1.3.12.tgz
389 silly fetchAndShaCheck shasum 0e6d7b78d6c9730cf1129d1138b28d6d52667e93
390 verbose addTmpTarball /tmp/npm-4737-3a7e2495/registry.npmjs.org/canvas/-/canvas-1.3.12.tgz not in flight; adding
391 verbose addTmpTarball already have metadata; skipping unpack for canvas@1.3.12
392 verbose correctMkdir /root/.npm correctMkdir not in flight; initializing
393 silly cache afterAdd canvas@1.3.12
394 verbose afterAdd /root/.npm/canvas/1.3.12/package/package.json not in flight; writing
395 verbose correctMkdir /root/.npm correctMkdir not in flight; initializing
396 verbose afterAdd /root/.npm/canvas/1.3.12/package/package.json written
397 silly install resolved [ { name: 'canvas',
397 silly install resolved     description: 'Canvas graphics API backed by Cairo',
397 silly install resolved     version: '1.3.12',
397 silly install resolved     author: { name: 'TJ Holowaychuk', email: 'tj@learnboost.com' },
397 silly install resolved     contributors: [ [Object], [Object], [Object] ],
397 silly install resolved     keywords:
397 silly install resolved      [ 'canvas',
397 silly install resolved        'graphic',
397 silly install resolved        'graphics',
397 silly install resolved        'pixman',
397 silly install resolved        'cairo',
397 silly install resolved        'image',
397 silly install resolved        'images',
397 silly install resolved        'pdf' ],
397 silly install resolved     homepage: 'https://github.com/Automattic/node-canvas',
397 silly install resolved     repository:
397 silly install resolved      { type: 'git',
397 silly install resolved        url: 'git://github.com/Automattic/node-canvas.git' },
397 silly install resolved     scripts:
397 silly install resolved      { prebenchmark: 'node-gyp build',
397 silly install resolved        benchmark: 'node benchmarks/run.js',
397 silly install resolved        pretest: 'node-gyp build',
397 silly install resolved        test: 'mocha test/*.test.js',
397 silly install resolved        'pretest-server': 'node-gyp build',
397 silly install resolved        'test-server': 'node test/server.js',
397 silly install resolved        install: 'node-gyp rebuild' },
397 silly install resolved     dependencies: { nan: '^2.1.0' },
397 silly install resolved     devDependencies:
397 silly install resolved      { 'body-parser': '^1.13.3',
397 silly install resolved        express: '^4.13.2',
397 silly install resolved        jade: '^1.11.0',
397 silly install resolved        mocha: '*' },
397 silly install resolved     engines: { node: '>=0.8.0' },
397 silly install resolved     main: './lib/canvas.js',
397 silly install resolved     license: 'MIT',
397 silly install resolved     gypfile: true,
397 silly install resolved     gitHead: 'a3492e3c3355b13433e1a3ddd5197f8bfa90f26c',
397 silly install resolved     bugs: { url: 'https://github.com/Automattic/node-canvas/issues' },
397 silly install resolved     _id: 'canvas@1.3.12',
397 silly install resolved     _shasum: '0e6d7b78d6c9730cf1129d1138b28d6d52667e93',
397 silly install resolved     _from: 'canvas@1.3.12',
397 silly install resolved     _npmVersion: '3.6.0',
397 silly install resolved     _nodeVersion: '5.6.0',
397 silly install resolved     _npmUser: { name: 'linusu', email: 'linus@folkdatorn.se' },
397 silly install resolved     maintainers: [ [Object], [Object], [Object], [Object], [Object], [Object] ],
397 silly install resolved     dist:
397 silly install resolved      { shasum: '0e6d7b78d6c9730cf1129d1138b28d6d52667e93',
397 silly install resolved        tarball: 'https://registry.npmjs.org/canvas/-/canvas-1.3.12.tgz' },
397 silly install resolved     _npmOperationalInternal:
397 silly install resolved      { host: 'packages-9-west.internal.npmjs.com',
397 silly install resolved        tmp: 'tmp/canvas-1.3.12.tgz_1456821769858_0.6099298796616495' },
397 silly install resolved     directories: {},
397 silly install resolved     _resolved: 'https://registry.npmjs.org/canvas/-/canvas-1.3.12.tgz' } ]
398 info install canvas@1.3.12 into /var/www/vhosts/listentome/api
399 info installOne canvas@1.3.12
400 verbose installOne of canvas to /var/www/vhosts/listentome/api not in flight; installing
401 verbose correctMkdir /root/.npm/_locks correctMkdir not in flight; initializing
402 verbose lock using /root/.npm/_locks/canvas-a21d3e6d9a151b29.lock for /var/www/vhosts/listentome/api/node_modules/canvas
403 silly install write writing canvas 1.3.12 to /var/www/vhosts/listentome/api/node_modules/canvas
404 verbose unbuild node_modules/canvas
405 silly gentlyRm /var/www/vhosts/listentome/api/node_modules/canvas is being purged from base /var/www/vhosts/listentome/api
406 verbose gentlyRm don't care about contents; nuking /var/www/vhosts/listentome/api/node_modules/canvas
407 verbose tar unpack /root/.npm/canvas/1.3.12/package.tgz
408 verbose tar unpacking to /var/www/vhosts/listentome/api/node_modules/canvas
409 silly gentlyRm /var/www/vhosts/listentome/api/node_modules/canvas is being purged
410 verbose gentlyRm don't care about contents; nuking /var/www/vhosts/listentome/api/node_modules/canvas
411 silly gunzTarPerm modes [ '755', '644' ]
412 silly gunzTarPerm extractEntry package.json
413 silly gunzTarPerm extractEntry .npmignore
414 silly gunzTarPerm extractEntry index.js
415 silly gunzTarPerm extractEntry Readme.md
416 silly gunzTarPerm extractEntry binding.gyp
417 silly gunzTarPerm extractEntry .travis.yml
418 silly gunzTarPerm extractEntry lib/bindings.js
419 silly gunzTarPerm extractEntry lib/canvas.js
420 silly gunzTarPerm extractEntry lib/context2d.js
421 silly gunzTarPerm extractEntry lib/image.js
422 silly gunzTarPerm extractEntry lib/jpegstream.js
423 silly gunzTarPerm extractEntry lib/pngstream.js
424 silly gunzTarPerm extractEntry History.md
425 silly gunzTarPerm extractEntry src/Image.cc
426 silly gunzTarPerm extractEntry src/Canvas.cc
427 silly gunzTarPerm extractEntry src/CanvasGradient.cc
428 silly gunzTarPerm extractEntry src/CanvasGradient.h
429 silly gunzTarPerm extractEntry src/CanvasPattern.cc
430 silly gunzTarPerm extractEntry src/CanvasPattern.h
431 silly gunzTarPerm extractEntry src/CanvasRenderingContext2d.cc
432 silly gunzTarPerm extractEntry src/CanvasRenderingContext2d.h
433 silly gunzTarPerm extractEntry src/FontFace.cc
434 silly gunzTarPerm extractEntry src/FontFace.h
435 silly gunzTarPerm extractEntry src/Canvas.h
436 silly gunzTarPerm extractEntry src/Image.h
437 silly gunzTarPerm extractEntry src/ImageData.cc
438 silly gunzTarPerm extractEntry src/ImageData.h
439 silly gunzTarPerm extractEntry src/JPEGStream.h
440 silly gunzTarPerm extractEntry src/PNG.h
441 silly gunzTarPerm extractEntry src/Point.h
442 silly gunzTarPerm extractEntry src/closure.h
443 silly gunzTarPerm extractEntry src/color.cc
444 silly gunzTarPerm extractEntry src/color.h
445 silly gunzTarPerm extractEntry src/init.cc
446 silly gunzTarPerm extractEntry util/has_lib.sh
447 verbose write writing to /var/www/vhosts/listentome/api/node_modules/canvas/package.json
448 info preinstall canvas@1.3.12
449 verbose readDependencies loading dependencies from /var/www/vhosts/listentome/api/node_modules/canvas/package.json
450 verbose readDependencies loading dependencies from /var/www/vhosts/listentome/api/node_modules/canvas/package.json
451 silly install resolved []
452 verbose about to build /var/www/vhosts/listentome/api/node_modules/canvas
453 info build /var/www/vhosts/listentome/api/node_modules/canvas
454 info linkStuff canvas@1.3.12
455 silly linkStuff canvas@1.3.12 has /var/www/vhosts/listentome/api/node_modules as its parent node_modules
456 verbose linkBins canvas@1.3.12
457 verbose linkMans canvas@1.3.12
458 verbose rebuildBundles canvas@1.3.12
459 info install canvas@1.3.12
460 verbose unsafe-perm in lifecycle false
461 info canvas@1.3.12 Failed to exec install script
462 verbose unlock done using /root/.npm/_locks/canvas-a21d3e6d9a151b29.lock for /var/www/vhosts/listentome/api/node_modules/canvas
463 verbose stack Error: canvas@1.3.12 install: `node-gyp rebuild`
463 verbose stack Exit status 1
463 verbose stack     at EventEmitter.<anonymous> (/usr/lib/node_modules/npm/lib/utils/lifecycle.js:217:16)
463 verbose stack     at emitTwo (events.js:87:13)
463 verbose stack     at EventEmitter.emit (events.js:172:7)
463 verbose stack     at ChildProcess.<anonymous> (/usr/lib/node_modules/npm/lib/utils/spawn.js:24:14)
463 verbose stack     at emitTwo (events.js:87:13)
463 verbose stack     at ChildProcess.emit (events.js:172:7)
463 verbose stack     at maybeClose (internal/child_process.js:829:16)
463 verbose stack     at Process.ChildProcess._handle.onexit (internal/child_process.js:211:5)
464 verbose pkgid canvas@1.3.12
465 verbose cwd /var/www/vhosts/listentome/api
466 error Linux 3.10.0-327.28.2.el7.x86_64
467 error argv "/usr/bin/node" "/usr/bin/npm" "install" "canvas@1.3.12"
468 error node v4.5.0
469 error npm  v2.15.9
470 error code ELIFECYCLE
471 error canvas@1.3.12 install: `node-gyp rebuild`
471 error Exit status 1
472 error Failed at the canvas@1.3.12 install script 'node-gyp rebuild'.
472 error This is most likely a problem with the canvas package,
472 error not with npm itself.
472 error Tell the author that this fails on your system:
472 error     node-gyp rebuild
472 error You can get information on how to open an issue for this project with:
472 error     npm bugs canvas
472 error Or if that isn't available, you can get their info via:
472 error
472 error     npm owner ls canvas
472 error There is likely additional logging output above.
473 verbose exit [ 1, true ]
474 verbose unbuild node_modules/canvas
475 info preuninstall canvas@1.3.12
476 info uninstall canvas@1.3.12
477 verbose unbuild rmStuff canvas@1.3.12 from /var/www/vhosts/listentome/api/node_modules
478 info postuninstall canvas@1.3.12
479 silly gentlyRm /var/www/vhosts/listentome/api/node_modules/canvas is being purged from base /var/www/vhosts/listentome/api
480 verbose gentlyRm don't care about contents; nuking /var/www/vhosts/listentome/api/node_modules/canvas
481 silly vacuum-fs purging /var/www/vhosts/listentome/api/node_modules/canvas
482 silly vacuum-fs quitting because other entries in /var/www/vhosts/listentome/api/node_modules
